"D:/SpellTowerv1/Content/2DSideScroller/Textures/2DBackgroundTile.uasset" 0
"D:/SpellTowerv1/Content/2DSideScroller/Textures/2DBackgroundTile.uexp" 1
"D:/SpellTowerv1/Content/2DSideScroller/Materials/PrototypingSpriteMaterial.uasset" 2
"D:/SpellTowerv1/Content/2DSideScroller/Materials/PrototypingSpriteMaterial.uexp" 3
"D:/SpellTowerv1/Content/2DSideScroller/Sprites/PrototypingSprite.uasset" 4
"D:/SpellTowerv1/Content/2DSideScroller/Sprites/PrototypingSprite.uexp" 5
"D:/SpellTowerv1/Content/2DSideScrollerBP/Blueprints/PauseMenu.uasset" 6
"D:/SpellTowerv1/Content/2DSideScrollerBP/Blueprints/PauseMenu.uexp" 7
"../../../Engine/Content/EngineResources/StreamingPauseIcon.uasset" 8
"../../../Engine/Content/EngineResources/StreamingPauseIcon.uexp" 9
"D:/SpellTowerv1/Content/2DSideScrollerBP/Blueprints/HUD.uasset" 10
"D:/SpellTowerv1/Content/2DSideScrollerBP/Blueprints/HUD.uexp" 11
"../../../Engine/Content/EditorBlueprintResources/StandardMacros.uasset" 12
"../../../Engine/Content/EditorBlueprintResources/StandardMacros.uexp" 13
"D:/SpellTowerv1/Content/2DSideScroller/Textures/2DCharacter_RunAnimAtlas.uasset" 14
"D:/SpellTowerv1/Content/2DSideScroller/Textures/2DCharacter_RunAnimAtlas.uexp" 15
"D:/SpellTowerv1/Content/2DSideScroller/Sprites/RunFrames/RunCycle_9.uasset" 16
"D:/SpellTowerv1/Content/2DSideScroller/Sprites/RunFrames/RunCycle_9.uexp" 17
"D:/SpellTowerv1/Content/2DSideScroller/Sprites/RunFrames/RunCycle_8.uasset" 18
"D:/SpellTowerv1/Content/2DSideScroller/Sprites/RunFrames/RunCycle_8.uexp" 19
"D:/SpellTowerv1/Content/2DSideScroller/Sprites/RunFrames/RunCycle_7.uasset" 20
"D:/SpellTowerv1/Content/2DSideScroller/Sprites/RunFrames/RunCycle_7.uexp" 21
"D:/SpellTowerv1/Content/2DSideScroller/Sprites/RunFrames/RunCycle_6.uasset" 22
"D:/SpellTowerv1/Content/2DSideScroller/Sprites/RunFrames/RunCycle_6.uexp" 23
"D:/SpellTowerv1/Content/2DSideScroller/Sprites/RunFrames/RunCycle_5.uasset" 24
"D:/SpellTowerv1/Content/2DSideScroller/Sprites/RunFrames/RunCycle_5.uexp" 25
"D:/SpellTowerv1/Content/2DSideScroller/Sprites/RunFrames/RunCycle_4.uasset" 26
"D:/SpellTowerv1/Content/2DSideScroller/Sprites/RunFrames/RunCycle_4.uexp" 27
"D:/SpellTowerv1/Content/2DSideScroller/Sprites/RunFrames/RunCycle_3.uasset" 28
"D:/SpellTowerv1/Content/2DSideScroller/Sprites/RunFrames/RunCycle_3.uexp" 29
"D:/SpellTowerv1/Content/2DSideScroller/Sprites/RunFrames/RunCycle_2.uasset" 30
"D:/SpellTowerv1/Content/2DSideScroller/Sprites/RunFrames/RunCycle_2.uexp" 31
"D:/SpellTowerv1/Content/2DSideScroller/Sprites/RunFrames/RunCycle_16.uasset" 32
"D:/SpellTowerv1/Content/2DSideScroller/Sprites/RunFrames/RunCycle_16.uexp" 33
"D:/SpellTowerv1/Content/2DSideScroller/Sprites/RunFrames/RunCycle_15.uasset" 34
"D:/SpellTowerv1/Content/2DSideScroller/Sprites/RunFrames/RunCycle_15.uexp" 35
"D:/SpellTowerv1/Content/2DSideScroller/Sprites/RunFrames/RunCycle_14.uasset" 36
"D:/SpellTowerv1/Content/2DSideScroller/Sprites/RunFrames/RunCycle_14.uexp" 37
"D:/SpellTowerv1/Content/2DSideScroller/Sprites/RunFrames/RunCycle_13.uasset" 38
"D:/SpellTowerv1/Content/2DSideScroller/Sprites/RunFrames/RunCycle_13.uexp" 39
"D:/SpellTowerv1/Content/2DSideScroller/Sprites/RunFrames/RunCycle_12.uasset" 40
"D:/SpellTowerv1/Content/2DSideScroller/Sprites/RunFrames/RunCycle_12.uexp" 41
"D:/SpellTowerv1/Content/2DSideScroller/Sprites/RunFrames/RunCycle_11.uasset" 42
"D:/SpellTowerv1/Content/2DSideScroller/Sprites/RunFrames/RunCycle_11.uexp" 43
"D:/SpellTowerv1/Content/2DSideScroller/Sprites/RunFrames/RunCycle_10.uasset" 44
"D:/SpellTowerv1/Content/2DSideScroller/Sprites/RunFrames/RunCycle_10.uexp" 45
"D:/SpellTowerv1/Content/2DSideScroller/Sprites/RunFrames/RunCycle_1.uasset" 46
"D:/SpellTowerv1/Content/2DSideScroller/Sprites/RunFrames/RunCycle_1.uexp" 47
"D:/SpellTowerv1/Content/2DSideScroller/Sprites/RunningAnimation.uasset" 48
"D:/SpellTowerv1/Content/2DSideScroller/Sprites/RunningAnimation.uexp" 49
"D:/SpellTowerv1/Content/2DSideScroller/Textures/2DCharacter_IdleAnimAtlas.uasset" 50
"D:/SpellTowerv1/Content/2DSideScroller/Textures/2DCharacter_IdleAnimAtlas.uexp" 51
"D:/SpellTowerv1/Content/2DSideScroller/Sprites/IdleFrames/IdleCycle8.uasset" 52
"D:/SpellTowerv1/Content/2DSideScroller/Sprites/IdleFrames/IdleCycle8.uexp" 53
"D:/SpellTowerv1/Content/2DSideScroller/Sprites/IdleFrames/IdleCycle7.uasset" 54
"D:/SpellTowerv1/Content/2DSideScroller/Sprites/IdleFrames/IdleCycle7.uexp" 55
"D:/SpellTowerv1/Content/2DSideScroller/Sprites/IdleFrames/IdleCycle6.uasset" 56
"D:/SpellTowerv1/Content/2DSideScroller/Sprites/IdleFrames/IdleCycle6.uexp" 57
"D:/SpellTowerv1/Content/2DSideScroller/Sprites/IdleFrames/IdleCycle5.uasset" 58
"D:/SpellTowerv1/Content/2DSideScroller/Sprites/IdleFrames/IdleCycle5.uexp" 59
"D:/SpellTowerv1/Content/2DSideScroller/Sprites/IdleFrames/IdleCycle4.uasset" 60
"D:/SpellTowerv1/Content/2DSideScroller/Sprites/IdleFrames/IdleCycle4.uexp" 61
"D:/SpellTowerv1/Content/2DSideScroller/Sprites/IdleFrames/IdleCycle3.uasset" 62
"D:/SpellTowerv1/Content/2DSideScroller/Sprites/IdleFrames/IdleCycle3.uexp" 63
"D:/SpellTowerv1/Content/2DSideScroller/Sprites/IdleFrames/IdleCycle2.uasset" 64
"D:/SpellTowerv1/Content/2DSideScroller/Sprites/IdleFrames/IdleCycle2.uexp" 65
"D:/SpellTowerv1/Content/2DSideScroller/Sprites/IdleFrames/IdleCycle1.uasset" 66
"D:/SpellTowerv1/Content/2DSideScroller/Sprites/IdleFrames/IdleCycle1.uexp" 67
"D:/SpellTowerv1/Content/2DSideScroller/Sprites/IdleAnimation.uasset" 68
"D:/SpellTowerv1/Content/2DSideScroller/Sprites/IdleAnimation.uexp" 69
"D:/SpellTowerv1/Content/2DSideScrollerBP/Blueprints/2DSideScrollerCharacter.uasset" 70
"D:/SpellTowerv1/Content/2DSideScrollerBP/Blueprints/2DSideScrollerCharacter.uexp" 71
"D:/SpellTowerv1/Content/2DSideScrollerBP/Blueprints/2DSideScrollerGameMode.uasset" 72
"D:/SpellTowerv1/Content/2DSideScrollerBP/Blueprints/2DSideScrollerGameMode.uexp" 73
"D:/SpellTowerv1/Content/Blueprints/SDAPlayerController.uasset" 74
"D:/SpellTowerv1/Content/Blueprints/SDAPlayerController.uexp" 75
"../../../Engine/Content/EngineMaterials/T_Default_Material_Grid_N.uasset" 76
"../../../Engine/Content/EngineMaterials/T_Default_Material_Grid_N.uexp" 77
"../../../Engine/Content/EngineMaterials/T_Default_Material_Grid_N.ubulk" 78
"../../../Engine/Content/EngineMaterials/T_Default_Material_Grid_M.uasset" 79
"../../../Engine/Content/EngineMaterials/T_Default_Material_Grid_M.uexp" 80
"../../../Engine/Content/EngineMaterials/T_Default_Material_Grid_M.ubulk" 81
"../../../Engine/Content/Functions/Engine_MaterialFunctions01/Opacity/CameraDepthFade.uasset" 82
"../../../Engine/Content/Functions/Engine_MaterialFunctions01/Opacity/CameraDepthFade.uexp" 83
"../../../Engine/Content/EngineMaterials/WorldGridMaterial.uasset" 84
"../../../Engine/Content/EngineMaterials/WorldGridMaterial.uexp" 85
"../../../Engine/Content/ArtTools/RenderToTexture/Meshes/S_1_Unit_Plane.uasset" 86
"../../../Engine/Content/ArtTools/RenderToTexture/Meshes/S_1_Unit_Plane.uexp" 87
"../../../Engine/Content/EngineMaterials/DefaultMaterial.uasset" 88
"../../../Engine/Content/EngineMaterials/DefaultMaterial.uexp" 89
"../../../Engine/Content/BasicShapes/Cone.uasset" 90
"../../../Engine/Content/BasicShapes/Cone.uexp" 91
"../../../Engine/Content/BasicShapes/Cube.uasset" 92
"../../../Engine/Content/BasicShapes/Cube.uexp" 93
"../../../Engine/Content/BasicShapes/Plane.uasset" 94
"../../../Engine/Content/BasicShapes/Plane.uexp" 95
"../../../Engine/Content/BasicShapes/Sphere.uasset" 96
"../../../Engine/Content/BasicShapes/Sphere.uexp" 97
"../../../Engine/Content/EditorLandscapeResources/DataLayer.uasset" 98
"../../../Engine/Content/EditorLandscapeResources/DataLayer.uexp" 99
"../../../Engine/Content/EditorLandscapeResources/DefaultAlphaTexture.uasset" 100
"../../../Engine/Content/EditorLandscapeResources/DefaultAlphaTexture.uexp" 101
"../../../Engine/Content/EditorMaterials/MAT_Groups_Toggle.uasset" 102
"../../../Engine/Content/EditorMaterials/MAT_Groups_Toggle.uexp" 103
"../../../Engine/Content/EditorMaterials/MAT_Groups_Visibility.uasset" 104
"../../../Engine/Content/EditorMaterials/MAT_Groups_Visibility.uexp" 105
"../../../Engine/Content/EditorMaterials/PreviewShadowIndicator.uasset" 106
"../../../Engine/Content/EditorMaterials/PreviewShadowIndicator.uexp" 107
"../../../Engine/Content/EditorMaterials/PreviewShadowIndicator.ubulk" 108
"../../../Engine/Content/EditorMaterials/PreviewShadowIndicatorMaterial.uasset" 109
"../../../Engine/Content/EditorMaterials/PreviewShadowIndicatorMaterial.uexp" 110
"../../../Engine/Content/EditorMaterials/MatineeGroups/MAT_ColorTrack.uasset" 111
"../../../Engine/Content/EditorMaterials/MatineeGroups/MAT_ColorTrack.uexp" 112
"../../../Engine/Content/EditorMaterials/MatineeGroups/MAT_Groups_Anim.uasset" 113
"../../../Engine/Content/EditorMaterials/MatineeGroups/MAT_Groups_Anim.uexp" 114
"../../../Engine/Content/EditorMaterials/MatineeGroups/MAT_Groups_AudioMaster.uasset" 115
"../../../Engine/Content/EditorMaterials/MatineeGroups/MAT_Groups_AudioMaster.uexp" 116
"../../../Engine/Content/EditorMaterials/MatineeGroups/MAT_Groups_Director.uasset" 117
"../../../Engine/Content/EditorMaterials/MatineeGroups/MAT_Groups_Director.uexp" 118
"../../../Engine/Content/EditorMaterials/MatineeGroups/MAT_Groups_Event.uasset" 119
"../../../Engine/Content/EditorMaterials/MatineeGroups/MAT_Groups_Event.uexp" 120
"../../../Engine/Content/EditorMaterials/MatineeGroups/MAT_Groups_Fade.uasset" 121
"../../../Engine/Content/EditorMaterials/MatineeGroups/MAT_Groups_Fade.uexp" 122
"../../../Engine/Content/EditorMaterials/MatineeGroups/MAT_Groups_Float.uasset" 123
"../../../Engine/Content/EditorMaterials/MatineeGroups/MAT_Groups_Float.uexp" 124
"../../../Engine/Content/EditorMaterials/MatineeGroups/MAT_Groups_Move.uasset" 125
"../../../Engine/Content/EditorMaterials/MatineeGroups/MAT_Groups_Move.uexp" 126
"../../../Engine/Content/EditorMaterials/MatineeGroups/MAT_Groups_Slomo.uasset" 127
"../../../Engine/Content/EditorMaterials/MatineeGroups/MAT_Groups_Slomo.uexp" 128
"../../../Engine/Content/EditorMaterials/MatineeGroups/MAT_Groups_Sound.uasset" 129
"../../../Engine/Content/EditorMaterials/MatineeGroups/MAT_Groups_Sound.uexp" 130
"../../../Engine/Content/EditorMaterials/MatineeGroups/MAT_Groups_Vector.uasset" 131
"../../../Engine/Content/EditorMaterials/MatineeGroups/MAT_Groups_Vector.uexp" 132
"../../../Engine/Content/EditorMaterials/ParticleSystems/PSysThumbnail_NoImage.uasset" 133
"../../../Engine/Content/EditorMaterials/ParticleSystems/PSysThumbnail_NoImage.uexp" 134
"../../../Engine/Content/EditorMaterials/ParticleSystems/PSysThumbnail_NoImage.ubulk" 135
"../../../Engine/Content/EditorMaterials/ParticleSystems/PSysThumbnail_OOD.uasset" 136
"../../../Engine/Content/EditorMaterials/ParticleSystems/PSysThumbnail_OOD.uexp" 137
"../../../Engine/Content/EditorMaterials/ParticleSystems/PSysThumbnail_OOD.ubulk" 138
"../../../Engine/Content/EditorMaterials/Camera/CineMat.uasset" 139
"../../../Engine/Content/EditorMaterials/Camera/CineMat.uexp" 140
"../../../Engine/Content/EditorMaterials/Camera/MI_CineMat_Rig.uasset" 141
"../../../Engine/Content/EditorMaterials/Camera/MI_CineMat_Rig.uexp" 142
"../../../Engine/Content/EditorMeshes/Camera/SM_CraneRig_Arm.uasset" 143
"../../../Engine/Content/EditorMeshes/Camera/SM_CraneRig_Arm.uexp" 144
"../../../Engine/Content/EditorMeshes/Camera/SM_CraneRig_Base.uasset" 145
"../../../Engine/Content/EditorMeshes/Camera/SM_CraneRig_Base.uexp" 146
"../../../Engine/Content/EditorMeshes/Camera/SM_CraneRig_Body.uasset" 147
"../../../Engine/Content/EditorMeshes/Camera/SM_CraneRig_Body.uexp" 148
"../../../Engine/Content/EditorMeshes/Camera/SM_CraneRig_Mount.uasset" 149
"../../../Engine/Content/EditorMeshes/Camera/SM_CraneRig_Mount.uexp" 150
"../../../Engine/Content/EditorMeshes/Camera/SM_RailRig_Mount.uasset" 151
"../../../Engine/Content/EditorMeshes/Camera/SM_RailRig_Mount.uexp" 152
"../../../Engine/Content/EditorMeshes/Camera/SM_RailRig_Track.uasset" 153
"../../../Engine/Content/EditorMeshes/Camera/SM_RailRig_Track.uexp" 154
"../../../Engine/Content/EditorResources/BSPVertex.uasset" 155
"../../../Engine/Content/EditorResources/BSPVertex.uexp" 156
"../../../Engine/Content/EditorResources/S_Actor.uasset" 157
"../../../Engine/Content/EditorResources/S_Actor.uexp" 158
"../../../Engine/Content/EditorResources/S_Actor.ubulk" 159
"../../../Engine/Content/EditorResources/S_Note.uasset" 160
"../../../Engine/Content/EditorResources/S_Note.uexp" 161
"../../../Engine/Content/EditorResources/S_Note.ubulk" 162
"../../../Engine/Content/EditorResources/S_Solver.uasset" 163
"../../../Engine/Content/EditorResources/S_Solver.uexp" 164
"../../../Engine/Content/EditorResources/S_Solver.ubulk" 165
"../../../Engine/Content/EditorResources/S_Terrain.uasset" 166
"../../../Engine/Content/EditorResources/S_Terrain.uexp" 167
"../../../Engine/Content/EditorResources/S_Terrain.ubulk" 168
"../../../Engine/Content/EditorResources/S_Trigger.uasset" 169
"../../../Engine/Content/EditorResources/S_Trigger.uexp" 170
"../../../Engine/Content/EditorResources/S_Trigger.ubulk" 171
"../../../Engine/Content/EditorResources/SequenceRecorder/Countdown.uasset" 172
"../../../Engine/Content/EditorResources/SequenceRecorder/Countdown.uexp" 173
"../../../Engine/Content/EditorResources/SequenceRecorder/RecordingIndicator.uasset" 174
"../../../Engine/Content/EditorResources/SequenceRecorder/RecordingIndicator.uexp" 175
"../../../Engine/Content/EngineDamageTypes/DmgTypeBP_Environmental.uasset" 176
"../../../Engine/Content/EngineDamageTypes/DmgTypeBP_Environmental.uexp" 177
"../../../Engine/Content/EngineDebugMaterials/DebugEditorMaterial.uasset" 178
"../../../Engine/Content/EngineDebugMaterials/DebugEditorMaterial.uexp" 179
"../../../Engine/Content/EngineDebugMaterials/DebugMeshMaterial.uasset" 180
"../../../Engine/Content/EngineDebugMaterials/DebugMeshMaterial.uexp" 181
"../../../Engine/Content/EngineDebugMaterials/M_SimpleUnlitTranslucent.uasset" 182
"../../../Engine/Content/EngineDebugMaterials/M_SimpleUnlitTranslucent.uexp" 183
"../../../Engine/Content/EngineDebugMaterials/VolumeToRender.uasset" 184
"../../../Engine/Content/EngineDebugMaterials/VolumeToRender.uexp" 185
"../../../Engine/Content/Functions/Engine_MaterialFunctions02/Utility/CameraDirectionVector.uasset" 186
"../../../Engine/Content/Functions/Engine_MaterialFunctions02/Utility/CameraDirectionVector.uexp" 187
"../../../Engine/Content/EngineDebugMaterials/M_VolumeRenderSphereTracePP.uasset" 188
"../../../Engine/Content/EngineDebugMaterials/M_VolumeRenderSphereTracePP.uexp" 189
"../../../Engine/Content/Functions/Engine_MaterialFunctions01/Shading/ConvertFromDiffSpec.uasset" 190
"../../../Engine/Content/Functions/Engine_MaterialFunctions01/Shading/ConvertFromDiffSpec.uexp" 191
"../../../Engine/Content/EngineDebugMaterials/VertexColorMaterial.uasset" 192
"../../../Engine/Content/EngineDebugMaterials/VertexColorMaterial.uexp" 193
"../../../Engine/Content/EngineDebugMaterials/WireframeMaterial.uasset" 194
"../../../Engine/Content/EngineDebugMaterials/WireframeMaterial.uexp" 195
"../../../Engine/Content/EngineFonts/Faces/RobotoRegular.uasset" 196
"../../../Engine/Content/EngineFonts/Faces/RobotoRegular.uexp" 197
"../../../Engine/Content/EngineFonts/Faces/RobotoRegular.ufont" 198
"../../../Engine/Content/EngineFonts/Faces/RobotoLight.uasset" 199
"../../../Engine/Content/EngineFonts/Faces/RobotoLight.uexp" 200
"../../../Engine/Content/EngineFonts/Faces/RobotoLight.ufont" 201
"../../../Engine/Content/EngineFonts/Faces/RobotoItalic.uasset" 202
"../../../Engine/Content/EngineFonts/Faces/RobotoItalic.uexp" 203
"../../../Engine/Content/EngineFonts/Faces/RobotoItalic.ufont" 204
"../../../Engine/Content/EngineFonts/Faces/RobotoBoldItalic.uasset" 205
"../../../Engine/Content/EngineFonts/Faces/RobotoBoldItalic.uexp" 206
"../../../Engine/Content/EngineFonts/Faces/RobotoBoldItalic.ufont" 207
"../../../Engine/Content/EngineFonts/Faces/RobotoBold.uasset" 208
"../../../Engine/Content/EngineFonts/Faces/RobotoBold.uexp" 209
"../../../Engine/Content/EngineFonts/Faces/RobotoBold.ufont" 210
"../../../Engine/Content/EngineFonts/Faces/DroidSansFallback.uasset" 211
"../../../Engine/Content/EngineFonts/Faces/DroidSansFallback.uexp" 212
"../../../Engine/Content/EngineFonts/Faces/DroidSansFallback.ufont" 213
"../../../Engine/Content/EngineFonts/Roboto.uasset" 214
"../../../Engine/Content/EngineFonts/Roboto.uexp" 215
"../../../Engine/Content/EngineMaterials/BaseFlattenNormalMap.uasset" 216
"../../../Engine/Content/EngineMaterials/BaseFlattenNormalMap.uexp" 217
"../../../Engine/Content/EngineMaterials/BaseFlattenGrayscaleMap.uasset" 218
"../../../Engine/Content/EngineMaterials/BaseFlattenGrayscaleMap.uexp" 219
"../../../Engine/Content/EngineMaterials/BaseFlattenEmissiveMap.uasset" 220
"../../../Engine/Content/EngineMaterials/BaseFlattenEmissiveMap.uexp" 221
"../../../Engine/Content/EngineMaterials/BaseFlattenDiffuseMap.uasset" 222
"../../../Engine/Content/EngineMaterials/BaseFlattenDiffuseMap.uexp" 223
"../../../Engine/Content/EngineMaterials/BaseFlattenMaterial.uasset" 224
"../../../Engine/Content/EngineMaterials/BaseFlattenMaterial.uexp" 225
"../../../Engine/Content/EngineMaterials/BlueNoise.uasset" 226
"../../../Engine/Content/EngineMaterials/BlueNoise.uexp" 227
"../../../Engine/Content/EngineMaterials/DefaultBloomKernel.uasset" 228
"../../../Engine/Content/EngineMaterials/DefaultBloomKernel.uexp" 229
"../../../Engine/Content/EngineMaterials/DefaultBokeh.uasset" 230
"../../../Engine/Content/EngineMaterials/DefaultBokeh.uexp" 231
"../../../Engine/Content/EngineMaterials/DefaultDiffuse.uasset" 232
"../../../Engine/Content/EngineMaterials/DefaultDiffuse.uexp" 233
"../../../Engine/Content/EngineMaterials/DefaultDiffuse.ubulk" 234
"../../../Engine/Content/EngineMaterials/DefaultDeferredDecalMaterial.uasset" 235
"../../../Engine/Content/EngineMaterials/DefaultDeferredDecalMaterial.uexp" 236
"../../../Engine/Content/EngineMaterials/DefaultLightFunctionMaterial.uasset" 237
"../../../Engine/Content/EngineMaterials/DefaultLightFunctionMaterial.uexp" 238
"../../../Engine/Content/EngineMaterials/DefaultPhysicalMaterial.uasset" 239
"../../../Engine/Content/EngineMaterials/DefaultPhysicalMaterial.uexp" 240
"../../../Engine/Content/Functions/Engine_MaterialFunctions02/Utility/BreakOutFloat2Components.uasset" 241
"../../../Engine/Content/Functions/Engine_MaterialFunctions02/Utility/BreakOutFloat2Components.uexp" 242
"../../../Engine/Content/EngineMaterials/DefaultPostProcessMaterial.uasset" 243
"../../../Engine/Content/EngineMaterials/DefaultPostProcessMaterial.uexp" 244
"../../../Engine/Content/EngineFonts/RobotoDistanceField.uasset" 245
"../../../Engine/Content/EngineFonts/RobotoDistanceField.uexp" 246
"../../../Engine/Content/EngineMaterials/DefaultTextMaterialOpaque.uasset" 247
"../../../Engine/Content/EngineMaterials/DefaultTextMaterialOpaque.uexp" 248
"../../../Engine/Content/EngineMaterials/DefaultWhiteGrid.uasset" 249
"../../../Engine/Content/EngineMaterials/DefaultWhiteGrid.uexp" 250
"../../../Engine/Content/EngineMaterials/DefaultWhiteGrid.ubulk" 251
"../../../Engine/Content/EngineMaterials/DefaultWhiteGrid_Low.uasset" 252
"../../../Engine/Content/EngineMaterials/DefaultWhiteGrid_Low.uexp" 253
"../../../Engine/Content/EngineMaterials/EmissiveMeshMaterial.uasset" 254
"../../../Engine/Content/EngineMaterials/EmissiveMeshMaterial.uexp" 255
"../../../Engine/Content/EngineMaterials/GizmoMaterial.uasset" 256
"../../../Engine/Content/EngineMaterials/GizmoMaterial.uexp" 257
"../../../Engine/Content/EngineMaterials/Good64x64TilingNoiseHighFreq.uasset" 258
"../../../Engine/Content/EngineMaterials/Good64x64TilingNoiseHighFreq.uexp" 259
"../../../Engine/Content/EngineMaterials/MiniFont.uasset" 260
"../../../Engine/Content/EngineMaterials/MiniFont.uexp" 261
"../../../Engine/Content/EngineMaterials/InvalidLightmapSettings.uasset" 262
"../../../Engine/Content/EngineMaterials/InvalidLightmapSettings.uexp" 263
"../../../Engine/Content/EngineMaterials/InvalidLightmapSettings.ubulk" 264
"../../../Engine/Content/EngineMaterials/M_InvalidLightmapSettings.uasset" 265
"../../../Engine/Content/EngineMaterials/M_InvalidLightmapSettings.uexp" 266
"../../../Engine/Content/Functions/Engine_MaterialFunctions02/WorldPositionOffset/CameraOffset.uasset" 267
"../../../Engine/Content/Functions/Engine_MaterialFunctions02/WorldPositionOffset/CameraOffset.uexp" 268
"../../../Engine/Content/EngineMaterials/PhAT_JointLimitMaterial.uasset" 269
"../../../Engine/Content/EngineMaterials/PhAT_JointLimitMaterial.uexp" 270
"../../../Engine/Content/EngineMaterials/DefaultCalibrationColor.uasset" 271
"../../../Engine/Content/EngineMaterials/DefaultCalibrationColor.uexp" 272
"../../../Engine/Content/EngineMaterials/PPM_DefaultCalibrationColor.uasset" 273
"../../../Engine/Content/EngineMaterials/PPM_DefaultCalibrationColor.uexp" 274
"../../../Engine/Content/EngineMaterials/DefaultCalibrationGrayscale.uasset" 275
"../../../Engine/Content/EngineMaterials/DefaultCalibrationGrayscale.uexp" 276
"../../../Engine/Content/EngineMaterials/PPM_DefaultCalibrationGrayscale.uasset" 277
"../../../Engine/Content/EngineMaterials/PPM_DefaultCalibrationGrayscale.uexp" 278
"../../../Engine/Content/EngineMaterials/PreintegratedSkinBRDF.uasset" 279
"../../../Engine/Content/EngineMaterials/PreintegratedSkinBRDF.uexp" 280
"../../../Engine/Content/EngineMaterials/RemoveSurfaceMaterial.uasset" 281
"../../../Engine/Content/EngineMaterials/RemoveSurfaceMaterial.uexp" 282
"../../../Engine/Content/EngineMaterials/WeightMapPlaceholderTexture.uasset" 283
"../../../Engine/Content/EngineMaterials/WeightMapPlaceholderTexture.uexp" 284
"../../../Engine/Content/EngineResources/WhiteSquareTexture.uasset" 285
"../../../Engine/Content/EngineResources/WhiteSquareTexture.uexp" 286
"../../../Engine/Content/EngineMaterials/Widget3DPassThrough.uasset" 287
"../../../Engine/Content/EngineMaterials/Widget3DPassThrough.uexp" 288
"../../../Engine/Content/EngineMaterials/Widget3DPassThrough_Masked.uasset" 289
"../../../Engine/Content/EngineMaterials/Widget3DPassThrough_Masked.uexp" 290
"../../../Engine/Content/EngineMaterials/Widget3DPassThrough_Opaque.uasset" 291
"../../../Engine/Content/EngineMaterials/Widget3DPassThrough_Opaque.uexp" 292
"../../../Engine/Content/EngineMaterials/Widget3DPassThrough_Masked_OneSided.uasset" 293
"../../../Engine/Content/EngineMaterials/Widget3DPassThrough_Masked_OneSided.uexp" 294
"../../../Engine/Content/EngineMaterials/Widget3DPassThrough_Opaque_OneSided.uasset" 295
"../../../Engine/Content/EngineMaterials/Widget3DPassThrough_Opaque_OneSided.uexp" 296
"../../../Engine/Content/EngineMaterials/Widget3DPassThrough_Translucent.uasset" 297
"../../../Engine/Content/EngineMaterials/Widget3DPassThrough_Translucent.uexp" 298
"../../../Engine/Content/EngineMaterials/Widget3DPassThrough_Translucent_OneSided.uasset" 299
"../../../Engine/Content/EngineMaterials/Widget3DPassThrough_Translucent_OneSided.uexp" 300
"../../../Engine/Content/EngineMeshes/Cylinder.uasset" 301
"../../../Engine/Content/EngineMeshes/Cylinder.uexp" 302
"../../../Engine/Content/EngineMeshes/Sphere.uasset" 303
"../../../Engine/Content/EngineMeshes/Sphere.uexp" 304
"../../../Engine/Content/EngineResources/DefaultTexture.uasset" 305
"../../../Engine/Content/EngineResources/DefaultTexture.uexp" 306
"../../../Engine/Content/EngineResources/DefaultTexture.ubulk" 307
"../../../Engine/Content/EngineResources/DefaultTextureCube.uasset" 308
"../../../Engine/Content/EngineResources/DefaultTextureCube.uexp" 309
"../../../Engine/Content/EngineResources/DefaultVolumeTexture2D.uasset" 310
"../../../Engine/Content/EngineResources/DefaultVolumeTexture2D.uexp" 311
"../../../Engine/Content/EngineResources/DefaultVolumeTexture.uasset" 312
"../../../Engine/Content/EngineResources/DefaultVolumeTexture.uexp" 313
"../../../Engine/Content/EngineResources/GradientTexture0.uasset" 314
"../../../Engine/Content/EngineResources/GradientTexture0.uexp" 315
"../../../Engine/Content/EngineSky/VolumetricClouds/T_NoiseShape64.uasset" 316
"../../../Engine/Content/EngineSky/VolumetricClouds/T_NoiseShape64.uexp" 317
"../../../Engine/Content/EngineSky/VolumetricClouds/T_NoiseShape64.ubulk" 318
"../../../Engine/Content/EngineSky/VolumetricClouds/T_VolumeNoiseShape64.uasset" 319
"../../../Engine/Content/EngineSky/VolumetricClouds/T_VolumeNoiseShape64.uexp" 320
"../../../Engine/Content/EngineSky/VolumetricClouds/T_NoiseErosion.uasset" 321
"../../../Engine/Content/EngineSky/VolumetricClouds/T_NoiseErosion.uexp" 322
"../../../Engine/Content/EngineSky/VolumetricClouds/T_NoiseErosion.ubulk" 323
"../../../Engine/Content/EngineSky/VolumetricClouds/T_VolumeNoiseErosion32.uasset" 324
"../../../Engine/Content/EngineSky/VolumetricClouds/T_VolumeNoiseErosion32.uexp" 325
"../../../Engine/Content/EngineSky/VolumetricClouds/CloudWeatherTexture.uasset" 326
"../../../Engine/Content/EngineSky/VolumetricClouds/CloudWeatherTexture.uexp" 327
"../../../Engine/Content/EngineSky/VolumetricClouds/CloudGradientTexture.uasset" 328
"../../../Engine/Content/EngineSky/VolumetricClouds/CloudGradientTexture.uexp" 329
"../../../Engine/Content/Functions/Engine_MaterialFunctions02/Utility/MakeFloat2.uasset" 330
"../../../Engine/Content/Functions/Engine_MaterialFunctions02/Utility/MakeFloat2.uexp" 331
"../../../Engine/Content/EngineSky/VolumetricClouds/m_SimpleVolumetricCloud.uasset" 332
"../../../Engine/Content/EngineSky/VolumetricClouds/m_SimpleVolumetricCloud.uexp" 333
"../../../Engine/Content/EngineSky/VolumetricClouds/m_SimpleVolumetricCloud_Inst.uasset" 334
"../../../Engine/Content/EngineSky/VolumetricClouds/m_SimpleVolumetricCloud_Inst.uexp" 335
"../../../Engine/Content/EngineSounds/Master.uasset" 336
"../../../Engine/Content/EngineSounds/Master.uexp" 337
"../../../Engine/Content/Functions/Engine_MaterialFunctions01/Shading/PowerToRoughness.uasset" 338
"../../../Engine/Content/Functions/Engine_MaterialFunctions01/Shading/PowerToRoughness.uexp" 339
"../../../Engine/Content/Maps/Templates/Thumbnails/Default.uasset" 340
"../../../Engine/Content/Maps/Templates/Thumbnails/Default.uexp" 341
"../../../Engine/Content/Maps/Templates/Thumbnails/TimeOfDay.uasset" 342
"../../../Engine/Content/Maps/Templates/Thumbnails/TimeOfDay.uexp" 343
"../../../Engine/Content/Maps/Templates/Thumbnails/VR-Basic.uasset" 344
"../../../Engine/Content/Maps/Templates/Thumbnails/VR-Basic.uexp" 345
"../../../Engine/Content/MobileResources/T_MobileControls_texture.uasset" 346
"../../../Engine/Content/MobileResources/T_MobileControls_texture.uexp" 347
"../../../Engine/Content/MobileResources/T_MobileMenu2.uasset" 348
"../../../Engine/Content/MobileResources/T_MobileMenu2.uexp" 349
"../../../Engine/Content/MobileResources/HUD/AnalogHat.uasset" 350
"../../../Engine/Content/MobileResources/HUD/AnalogHat.uexp" 351
"../../../Engine/Content/MobileResources/HUD/VirtualJoystick_Thumb.uasset" 352
"../../../Engine/Content/MobileResources/HUD/VirtualJoystick_Thumb.uexp" 353
"../../../Engine/Content/MobileResources/HUD/VirtualJoystick_Background.uasset" 354
"../../../Engine/Content/MobileResources/HUD/VirtualJoystick_Background.uexp" 355
"../../../Engine/Content/MobileResources/HUD/DefaultVirtualJoysticks.uasset" 356
"../../../Engine/Content/MobileResources/HUD/DefaultVirtualJoysticks.uexp" 357
"../../../Engine/Content/MobileResources/HUD/LeftVirtualJoystickOnly.uasset" 358
"../../../Engine/Content/MobileResources/HUD/LeftVirtualJoystickOnly.uexp" 359
"../../../Engine/Content/MobileResources/HUD/MobileHUDButton1_off.uasset" 360
"../../../Engine/Content/MobileResources/HUD/MobileHUDButton1_off.uexp" 361
"../../../Engine/Content/MobileResources/HUD/MobileHUDButton1_on.uasset" 362
"../../../Engine/Content/MobileResources/HUD/MobileHUDButton1_on.uexp" 363
"../../../Engine/Content/MobileResources/HUD/MobileHUDButton2_off.uasset" 364
"../../../Engine/Content/MobileResources/HUD/MobileHUDButton2_off.uexp" 365
"../../../Engine/Content/MobileResources/HUD/MobileHUDButton2_on.uasset" 366
"../../../Engine/Content/MobileResources/HUD/MobileHUDButton2_on.uexp" 367
"../../../Engine/Content/MobileResources/HUD/MobileHUDButton3.uasset" 368
"../../../Engine/Content/MobileResources/HUD/MobileHUDButton3.uexp" 369
"../../../Engine/Content/MobileResources/HUD/MobileHUDButtonFire.uasset" 370
"../../../Engine/Content/MobileResources/HUD/MobileHUDButtonFire.uexp" 371
"../../../Engine/Content/MobileResources/HUD/MobileHUDDirectionPad.uasset" 372
"../../../Engine/Content/MobileResources/HUD/MobileHUDDirectionPad.uexp" 373
"../../../Engine/Content/MobileResources/HUD/MobileHUDDirectionPad2.uasset" 374
"../../../Engine/Content/MobileResources/HUD/MobileHUDDirectionPad2.uexp" 375
"../../../Engine/Content/MobileResources/HUD/MobileHUDDirectionPad3.uasset" 376
"../../../Engine/Content/MobileResources/HUD/MobileHUDDirectionPad3.uexp" 377
"../../../Engine/Content/MobileResources/HUD/MobileHUDDirectionStick.uasset" 378
"../../../Engine/Content/MobileResources/HUD/MobileHUDDirectionStick.uexp" 379
"../../../Engine/Content/MobileResources/HUD/T_Castle_ThumbstickInner.uasset" 380
"../../../Engine/Content/MobileResources/HUD/T_Castle_ThumbstickInner.uexp" 381
"../../../Engine/Content/MobileResources/HUD/T_Castle_ThumbstickOutter.uasset" 382
"../../../Engine/Content/MobileResources/HUD/T_Castle_ThumbstickOutter.uexp" 383
"../../../Engine/Content/Tutorial/ContentIntroCurve.uasset" 384
"../../../Engine/Content/Tutorial/ContentIntroCurve.uexp" 385
"../../../Engine/Content/Tutorial/Basics/TutorialAssets/icon_tab_Levels_40x.uasset" 386
"../../../Engine/Content/Tutorial/Basics/TutorialAssets/icon_tab_Levels_40x.uexp" 387
"../../../Engine/Content/Tutorial/BlueprintTutorials/TutorialAssets/Blueprint_64x.uasset" 388
"../../../Engine/Content/Tutorial/BlueprintTutorials/TutorialAssets/Blueprint_64x.uexp" 389
"../../../Engine/Content/VREditor/TransformGizmo/TranslucentTransformGizmoMaterial.uasset" 390
"../../../Engine/Content/VREditor/TransformGizmo/TranslucentTransformGizmoMaterial.uexp" 391
"../../../Engine/Content/VREditor/LaserPointer/VR_LaserPower_01.uasset" 392
"../../../Engine/Content/VREditor/LaserPointer/VR_LaserPower_01.uexp" 393
"../../../Engine/Content/VREditor/LaserPointer/VR_LaserPower_01.ubulk" 394
"../../../Engine/Content/VREditor/TransformGizmo/TransformGizmoMaterial.uasset" 395
"../../../Engine/Content/VREditor/TransformGizmo/TransformGizmoMaterial.uexp" 396
"../../../Engine/Content/VREditor/TransformGizmo/BoundingBoxCorner.uasset" 397
"../../../Engine/Content/VREditor/TransformGizmo/BoundingBoxCorner.uexp" 398
"../../../Engine/Content/VREditor/TransformGizmo/BoundingBoxEdge.uasset" 399
"../../../Engine/Content/VREditor/TransformGizmo/BoundingBoxEdge.uexp" 400
"../../../Engine/Content/VREditor/TransformGizmo/PlaneTranslationHandle.uasset" 401
"../../../Engine/Content/VREditor/TransformGizmo/PlaneTranslationHandle.uexp" 402
"../../../Engine/Content/VREditor/TransformGizmo/Xray.uasset" 403
"../../../Engine/Content/VREditor/TransformGizmo/Xray.uexp" 404
"../../../Engine/Content/VREditor/TransformGizmo/Main.uasset" 405
"../../../Engine/Content/VREditor/TransformGizmo/Main.uexp" 406
"../../../Engine/Content/VREditor/TransformGizmo/SM_Sequencer_Key.uasset" 407
"../../../Engine/Content/VREditor/TransformGizmo/SM_Sequencer_Key.uexp" 408
"../../../Engine/Content/VREditor/TransformGizmo/SM_Sequencer_Node.uasset" 409
"../../../Engine/Content/VREditor/TransformGizmo/SM_Sequencer_Node.uexp" 410
"../../../Engine/Plugins/2D/Paper2D/Content/PlaceholderTextures/DummySpriteTexture.uasset" 411
"../../../Engine/Plugins/2D/Paper2D/Content/PlaceholderTextures/DummySpriteTexture.uexp" 412
"../../../Engine/Plugins/2D/Paper2D/Content/PlaceholderTextures/DummySpriteTexture.ubulk" 413
"../../../Engine/Plugins/2D/Paper2D/Content/DummySprite.uasset" 414
"../../../Engine/Plugins/2D/Paper2D/Content/DummySprite.uexp" 415
"../../../Engine/Plugins/2D/Paper2D/Content/DefaultPaperTerrainMaterial.uasset" 416
"../../../Engine/Plugins/2D/Paper2D/Content/DefaultPaperTerrainMaterial.uexp" 417
"../../../Engine/Plugins/2D/Paper2D/Content/DefaultSpriteMaterial.uasset" 418
"../../../Engine/Plugins/2D/Paper2D/Content/DefaultSpriteMaterial.uexp" 419
"../../../Engine/Plugins/2D/Paper2D/Content/MaskedUnlitSpriteMaterial.uasset" 420
"../../../Engine/Plugins/2D/Paper2D/Content/MaskedUnlitSpriteMaterial.uexp" 421
"../../../Engine/Content/Functions/Engine_MaterialFunctions02/Utility/BreakOutFloat3Components.uasset" 422
"../../../Engine/Content/Functions/Engine_MaterialFunctions02/Utility/BreakOutFloat3Components.uexp" 423
"../../../Engine/Plugins/Editor/SpeedTreeImporter/Content/SpeedTree9/UnpackInteger3.uasset" 424
"../../../Engine/Plugins/Editor/SpeedTreeImporter/Content/SpeedTree9/UnpackInteger3.uexp" 425
"../../../Engine/Plugins/Editor/SpeedTreeImporter/Content/SpeedTree9/UnpackDirection.uasset" 426
"../../../Engine/Plugins/Editor/SpeedTreeImporter/Content/SpeedTree9/UnpackDirection.uexp" 427
"../../../Engine/Plugins/Editor/SpeedTreeImporter/Content/SpeedTree9/game_wind_noise.uasset" 428
"../../../Engine/Plugins/Editor/SpeedTreeImporter/Content/SpeedTree9/game_wind_noise.uexp" 429
"../../../Engine/Plugins/Editor/SpeedTreeImporter/Content/SpeedTree9/game_wind_noise.ubulk" 430
"../../../Engine/Content/Functions/Engine_MaterialFunctions02/SafeNormalize.uasset" 431
"../../../Engine/Content/Functions/Engine_MaterialFunctions02/SafeNormalize.uexp" 432
"../../../Engine/Plugins/Editor/SpeedTreeImporter/Content/SpeedTree9/SpeedTreeWindMotion.uasset" 433
"../../../Engine/Plugins/Editor/SpeedTreeImporter/Content/SpeedTree9/SpeedTreeWindMotion.uexp" 434
"../../../Engine/Plugins/Editor/SpeedTreeImporter/Content/SpeedTree9/SpeedTreeBranchMotion.uasset" 435
"../../../Engine/Plugins/Editor/SpeedTreeImporter/Content/SpeedTree9/SpeedTreeBranchMotion.uexp" 436
"../../../Engine/Content/Functions/Engine_MaterialFunctions02/ObjectLocalBounds.uasset" 437
"../../../Engine/Content/Functions/Engine_MaterialFunctions02/ObjectLocalBounds.uexp" 438
"../../../Engine/Content/Functions/Engine_MaterialFunctions02/UVs/BoundingBoxBased_0-1_UVW.uasset" 439
"../../../Engine/Content/Functions/Engine_MaterialFunctions02/UVs/BoundingBoxBased_0-1_UVW.uexp" 440
"../../../Engine/Content/Functions/Engine_MaterialFunctions02/Utility/VectorLength.uasset" 441
"../../../Engine/Content/Functions/Engine_MaterialFunctions02/Utility/VectorLength.uexp" 442
"../../../Engine/Content/Functions/Engine_MaterialFunctions02/WorldPositionOffset/ObjectScale.uasset" 443
"../../../Engine/Content/Functions/Engine_MaterialFunctions02/WorldPositionOffset/ObjectScale.uexp" 444
"../../../Engine/Plugins/Editor/SpeedTreeImporter/Content/SpeedTree9/SpeedTreeWind.uasset" 445
"../../../Engine/Plugins/Editor/SpeedTreeImporter/Content/SpeedTree9/SpeedTreeWind.uexp" 446
"../../../Engine/Plugins/Editor/SpeedTreeImporter/Content/SpeedTree9/SpeedTreeBillboard.uasset" 447
"../../../Engine/Plugins/Editor/SpeedTreeImporter/Content/SpeedTree9/SpeedTreeBillboard.uexp" 448
"../../../Engine/Plugins/Editor/SpeedTreeImporter/Content/SpeedTree9/EmptyNormal.uasset" 449
"../../../Engine/Plugins/Editor/SpeedTreeImporter/Content/SpeedTree9/EmptyNormal.uexp" 450
"../../../Engine/Plugins/Editor/SpeedTreeImporter/Content/SpeedTree9/Empty.uasset" 451
"../../../Engine/Plugins/Editor/SpeedTreeImporter/Content/SpeedTree9/Empty.uexp" 452
"../../../Engine/Plugins/Editor/SpeedTreeImporter/Content/SpeedTree9/SpeedTreeBillboardMaster.uasset" 453
"../../../Engine/Plugins/Editor/SpeedTreeImporter/Content/SpeedTree9/SpeedTreeBillboardMaster.uexp" 454
"../../../Engine/Plugins/Editor/SpeedTreeImporter/Content/SpeedTree9/SpeedTreeCameraFacing.uasset" 455
"../../../Engine/Plugins/Editor/SpeedTreeImporter/Content/SpeedTree9/SpeedTreeCameraFacing.uexp" 456
"../../../Engine/Plugins/Editor/SpeedTreeImporter/Content/SpeedTree9/SpeedTreeMaster.uasset" 457
"../../../Engine/Plugins/Editor/SpeedTreeImporter/Content/SpeedTree9/SpeedTreeMaster.uexp" 458
"../../../Engine/Content/BasicShapes/Cylinder.uasset" 459
"../../../Engine/Content/BasicShapes/Cylinder.uexp" 460
"../../../Engine/Content/ArtTools/RenderToTexture/Materials/Debug/M_Emissive_Color.uasset" 461
"../../../Engine/Content/ArtTools/RenderToTexture/Materials/Debug/M_Emissive_Color.uexp" 462
"../../../Engine/Plugins/Runtime/OpenXR/Content/Devices/GoogleDaydream/MRTexture.uasset" 463
"../../../Engine/Plugins/Runtime/OpenXR/Content/Devices/GoogleDaydream/MRTexture.uexp" 464
"../../../Engine/Plugins/Runtime/OpenXR/Content/Devices/GoogleDaydream/MRTexture.ubulk" 465
"../../../Engine/Plugins/Runtime/OpenXR/Content/Devices/GoogleDaydream/BaseTexture.uasset" 466
"../../../Engine/Plugins/Runtime/OpenXR/Content/Devices/GoogleDaydream/BaseTexture.uexp" 467
"../../../Engine/Plugins/Runtime/OpenXR/Content/Devices/GoogleDaydream/BaseTexture.ubulk" 468
"../../../Engine/Content/EngineResources/Black.uasset" 469
"../../../Engine/Content/EngineResources/Black.uexp" 470
"../../../Engine/Plugins/Runtime/OpenXR/Content/Devices/M_XRController.uasset" 471
"../../../Engine/Plugins/Runtime/OpenXR/Content/Devices/M_XRController.uexp" 472
"../../../Engine/Plugins/Runtime/OpenXR/Content/Devices/GoogleDaydream/MI_GoogleDaydream.uasset" 473
"../../../Engine/Plugins/Runtime/OpenXR/Content/Devices/GoogleDaydream/MI_GoogleDaydream.uexp" 474
"../../../Engine/Plugins/Runtime/OpenXR/Content/Devices/GoogleDaydream/GoogleDaydreamController.uasset" 475
"../../../Engine/Plugins/Runtime/OpenXR/Content/Devices/GoogleDaydream/GoogleDaydreamController.uexp" 476
"../../../Engine/Plugins/Runtime/OpenXR/Content/Devices/HTCVive/BaseTexture.uasset" 477
"../../../Engine/Plugins/Runtime/OpenXR/Content/Devices/HTCVive/BaseTexture.uexp" 478
"../../../Engine/Plugins/Runtime/OpenXR/Content/Devices/HTCVive/BaseTexture.ubulk" 479
"../../../Engine/Plugins/Runtime/OpenXR/Content/Devices/HTCVive/MI_HTCVive.uasset" 480
"../../../Engine/Plugins/Runtime/OpenXR/Content/Devices/HTCVive/MI_HTCVive.uexp" 481
"../../../Engine/Plugins/Runtime/OpenXR/Content/Devices/HTCVive/HTCViveController.uasset" 482
"../../../Engine/Plugins/Runtime/OpenXR/Content/Devices/HTCVive/HTCViveController.uexp" 483
"../../../Engine/Plugins/Runtime/OpenXR/Content/Devices/MicrosoftMixedReality/NormalTexture.uasset" 484
"../../../Engine/Plugins/Runtime/OpenXR/Content/Devices/MicrosoftMixedReality/NormalTexture.uexp" 485
"../../../Engine/Plugins/Runtime/OpenXR/Content/Devices/MicrosoftMixedReality/NormalTexture.ubulk" 486
"../../../Engine/Plugins/Runtime/OpenXR/Content/Devices/MicrosoftMixedReality/MRTexture.uasset" 487
"../../../Engine/Plugins/Runtime/OpenXR/Content/Devices/MicrosoftMixedReality/MRTexture.uexp" 488
"../../../Engine/Plugins/Runtime/OpenXR/Content/Devices/MicrosoftMixedReality/MRTexture.ubulk" 489
"../../../Engine/Plugins/Runtime/OpenXR/Content/Devices/MicrosoftMixedReality/EmissiveTexture.uasset" 490
"../../../Engine/Plugins/Runtime/OpenXR/Content/Devices/MicrosoftMixedReality/EmissiveTexture.uexp" 491
"../../../Engine/Plugins/Runtime/OpenXR/Content/Devices/MicrosoftMixedReality/EmissiveTexture.ubulk" 492
"../../../Engine/Plugins/Runtime/OpenXR/Content/Devices/MicrosoftMixedReality/BaseTexture.uasset" 493
"../../../Engine/Plugins/Runtime/OpenXR/Content/Devices/MicrosoftMixedReality/BaseTexture.uexp" 494
"../../../Engine/Plugins/Runtime/OpenXR/Content/Devices/MicrosoftMixedReality/BaseTexture.ubulk" 495
"../../../Engine/Plugins/Runtime/OpenXR/Content/Devices/MicrosoftMixedReality/MI_MicrosoftMixedReality.uasset" 496
"../../../Engine/Plugins/Runtime/OpenXR/Content/Devices/MicrosoftMixedReality/MI_MicrosoftMixedReality.uexp" 497
"../../../Engine/Plugins/Runtime/OpenXR/Content/Devices/MicrosoftMixedReality/Left/left_MicrosoftMixedRealityController.uasset" 498
"../../../Engine/Plugins/Runtime/OpenXR/Content/Devices/MicrosoftMixedReality/Left/left_MicrosoftMixedRealityController.uexp" 499
"../../../Engine/Plugins/Runtime/OpenXR/Content/Devices/MicrosoftMixedReality/Right/right_MicrosoftMixedRealityController.uasset" 500
"../../../Engine/Plugins/Runtime/OpenXR/Content/Devices/MicrosoftMixedReality/Right/right_MicrosoftMixedRealityController.uexp" 501
"../../../Engine/Plugins/Runtime/OpenXR/Content/Devices/OculusGo/BaseTexture.uasset" 502
"../../../Engine/Plugins/Runtime/OpenXR/Content/Devices/OculusGo/BaseTexture.uexp" 503
"../../../Engine/Plugins/Runtime/OpenXR/Content/Devices/OculusGo/BaseTexture.ubulk" 504
"../../../Engine/Plugins/Runtime/OpenXR/Content/Devices/OculusGo/MI_OculusGo.uasset" 505
"../../../Engine/Plugins/Runtime/OpenXR/Content/Devices/OculusGo/MI_OculusGo.uexp" 506
"../../../Engine/Plugins/Runtime/OpenXR/Content/Devices/OculusGo/OculusGoController.uasset" 507
"../../../Engine/Plugins/Runtime/OpenXR/Content/Devices/OculusGo/OculusGoController.uexp" 508
"../../../Engine/Plugins/Runtime/OpenXR/Content/Devices/OculusTouch/MRTexture.uasset" 509
"../../../Engine/Plugins/Runtime/OpenXR/Content/Devices/OculusTouch/MRTexture.uexp" 510
"../../../Engine/Plugins/Runtime/OpenXR/Content/Devices/OculusTouch/MRTexture.ubulk" 511
"../../../Engine/Plugins/Runtime/OpenXR/Content/Devices/OculusTouch/BaseTexture.uasset" 512
"../../../Engine/Plugins/Runtime/OpenXR/Content/Devices/OculusTouch/BaseTexture.uexp" 513
"../../../Engine/Plugins/Runtime/OpenXR/Content/Devices/OculusTouch/BaseTexture.ubulk" 514
"../../../Engine/Plugins/Runtime/OpenXR/Content/Devices/OculusTouch/MI_OculusTouch.uasset" 515
"../../../Engine/Plugins/Runtime/OpenXR/Content/Devices/OculusTouch/MI_OculusTouch.uexp" 516
"../../../Engine/Plugins/Runtime/OpenXR/Content/Devices/OculusTouch/Left/left_OculusTouchController.uasset" 517
"../../../Engine/Plugins/Runtime/OpenXR/Content/Devices/OculusTouch/Left/left_OculusTouchController.uexp" 518
"../../../Engine/Plugins/Runtime/OpenXR/Content/Devices/OculusTouch/Right/right_OculusTouchController.uasset" 519
"../../../Engine/Plugins/Runtime/OpenXR/Content/Devices/OculusTouch/Right/right_OculusTouchController.uexp" 520
"../../../Engine/Plugins/Runtime/OpenXR/Content/Devices/OculusTouch_v2/MRTexture.uasset" 521
"../../../Engine/Plugins/Runtime/OpenXR/Content/Devices/OculusTouch_v2/MRTexture.uexp" 522
"../../../Engine/Plugins/Runtime/OpenXR/Content/Devices/OculusTouch_v2/MRTexture.ubulk" 523
"../../../Engine/Plugins/Runtime/OpenXR/Content/Devices/OculusTouch_v2/BaseTexture.uasset" 524
"../../../Engine/Plugins/Runtime/OpenXR/Content/Devices/OculusTouch_v2/BaseTexture.uexp" 525
"../../../Engine/Plugins/Runtime/OpenXR/Content/Devices/OculusTouch_v2/BaseTexture.ubulk" 526
"../../../Engine/Plugins/Runtime/OpenXR/Content/Devices/OculusTouch_v2/MI_OculusTouch_v2.uasset" 527
"../../../Engine/Plugins/Runtime/OpenXR/Content/Devices/OculusTouch_v2/MI_OculusTouch_v2.uexp" 528
"../../../Engine/Plugins/Runtime/OpenXR/Content/Devices/OculusTouch_v2/Left/left_OculusTouch_v2Controller.uasset" 529
"../../../Engine/Plugins/Runtime/OpenXR/Content/Devices/OculusTouch_v2/Left/left_OculusTouch_v2Controller.uexp" 530
"../../../Engine/Plugins/Runtime/OpenXR/Content/Devices/OculusTouch_v2/Right/right_OculusTouch_v2Controller.uasset" 531
"../../../Engine/Plugins/Runtime/OpenXR/Content/Devices/OculusTouch_v2/Right/right_OculusTouch_v2Controller.uexp" 532
"../../../Engine/Plugins/Runtime/OpenXR/Content/Devices/OculusTouch_v3/MRTexture.uasset" 533
"../../../Engine/Plugins/Runtime/OpenXR/Content/Devices/OculusTouch_v3/MRTexture.uexp" 534
"../../../Engine/Plugins/Runtime/OpenXR/Content/Devices/OculusTouch_v3/MRTexture.ubulk" 535
"../../../Engine/Plugins/Runtime/OpenXR/Content/Devices/OculusTouch_v3/BaseTexture.uasset" 536
"../../../Engine/Plugins/Runtime/OpenXR/Content/Devices/OculusTouch_v3/BaseTexture.uexp" 537
"../../../Engine/Plugins/Runtime/OpenXR/Content/Devices/OculusTouch_v3/BaseTexture.ubulk" 538
"../../../Engine/Plugins/Runtime/OpenXR/Content/Devices/OculusTouch_v3/MI_OculusTouch_v3.uasset" 539
"../../../Engine/Plugins/Runtime/OpenXR/Content/Devices/OculusTouch_v3/MI_OculusTouch_v3.uexp" 540
"../../../Engine/Plugins/Runtime/OpenXR/Content/Devices/OculusTouch_v3/Left/left_OculusTouch_v3Controller.uasset" 541
"../../../Engine/Plugins/Runtime/OpenXR/Content/Devices/OculusTouch_v3/Left/left_OculusTouch_v3Controller.uexp" 542
"../../../Engine/Plugins/Runtime/OpenXR/Content/Devices/OculusTouch_v3/Right/right_OculusTouch_v3Controller.uasset" 543
"../../../Engine/Plugins/Runtime/OpenXR/Content/Devices/OculusTouch_v3/Right/right_OculusTouch_v3Controller.uexp" 544
"../../../Engine/Plugins/Runtime/OpenXR/Content/Devices/ValveIndex/MRTexture.uasset" 545
"../../../Engine/Plugins/Runtime/OpenXR/Content/Devices/ValveIndex/MRTexture.uexp" 546
"../../../Engine/Plugins/Runtime/OpenXR/Content/Devices/ValveIndex/MRTexture.ubulk" 547
"../../../Engine/Plugins/Runtime/OpenXR/Content/Devices/ValveIndex/BaseTexture.uasset" 548
"../../../Engine/Plugins/Runtime/OpenXR/Content/Devices/ValveIndex/BaseTexture.uexp" 549
"../../../Engine/Plugins/Runtime/OpenXR/Content/Devices/ValveIndex/BaseTexture.ubulk" 550
"../../../Engine/Plugins/Runtime/OpenXR/Content/Devices/ValveIndex/Left/MI_left_ValveIndex.uasset" 551
"../../../Engine/Plugins/Runtime/OpenXR/Content/Devices/ValveIndex/Left/MI_left_ValveIndex.uexp" 552
"../../../Engine/Plugins/Runtime/OpenXR/Content/Devices/ValveIndex/Left/left_ValveIndexController.uasset" 553
"../../../Engine/Plugins/Runtime/OpenXR/Content/Devices/ValveIndex/Left/left_ValveIndexController.uexp" 554
"../../../Engine/Plugins/Runtime/OpenXR/Content/Devices/ValveIndex/Right/MI_right_ValveIndex.uasset" 555
"../../../Engine/Plugins/Runtime/OpenXR/Content/Devices/ValveIndex/Right/MI_right_ValveIndex.uexp" 556
"../../../Engine/Plugins/Runtime/OpenXR/Content/Devices/ValveIndex/Right/right_ValveIndexController.uasset" 557
"../../../Engine/Plugins/Runtime/OpenXR/Content/Devices/ValveIndex/Right/right_ValveIndexController.uexp" 558
"../../../Engine/Content/Functions/Engine_MaterialFunctions02/Utility/BreakOutFloat4Components.uasset" 559
"../../../Engine/Content/Functions/Engine_MaterialFunctions02/Utility/BreakOutFloat4Components.uexp" 560
"../../../Engine/Content/Functions/Engine_MaterialFunctions02/Utility/MakeFloat3.uasset" 561
"../../../Engine/Content/Functions/Engine_MaterialFunctions02/Utility/MakeFloat3.uexp" 562
"../../../Engine/Plugins/Runtime/Oculus/OculusVR/Content/Materials/OculusMR_ChromaKey.uasset" 563
"../../../Engine/Plugins/Runtime/Oculus/OculusVR/Content/Materials/OculusMR_ChromaKey.uexp" 564
"../../../Engine/Plugins/Runtime/Oculus/OculusVR/Content/Materials/OculusMR_OpaqueColoredMaterial.uasset" 565
"../../../Engine/Plugins/Runtime/Oculus/OculusVR/Content/Materials/OculusMR_OpaqueColoredMaterial.uexp" 566
"../../../Engine/Plugins/Runtime/Oculus/OculusVR/Content/Materials/PokeAHoleMaterial.uasset" 567
"../../../Engine/Plugins/Runtime/Oculus/OculusVR/Content/Materials/PokeAHoleMaterial.uexp" 568
"../../../Engine/Plugins/Runtime/Oculus/OculusVR/Content/Textures/touchController_controlmap.uasset" 569
"../../../Engine/Plugins/Runtime/Oculus/OculusVR/Content/Textures/touchController_controlmap.uexp" 570
"../../../Engine/Plugins/Runtime/Oculus/OculusVR/Content/Textures/touchController_controlmap.ubulk" 571
"../../../Engine/Plugins/Runtime/Oculus/OculusVR/Content/Textures/touchController_albedo.uasset" 572
"../../../Engine/Plugins/Runtime/Oculus/OculusVR/Content/Textures/touchController_albedo.uexp" 573
"../../../Engine/Plugins/Runtime/Oculus/OculusVR/Content/Textures/touchController_albedo.ubulk" 574
"../../../Engine/Plugins/Runtime/Oculus/OculusVR/Content/Materials/touchController_mat.uasset" 575
"../../../Engine/Plugins/Runtime/Oculus/OculusVR/Content/Materials/touchController_mat.uexp" 576
"../../../Engine/Plugins/Runtime/Oculus/OculusVR/Content/Meshes/LeftTouchController.uasset" 577
"../../../Engine/Plugins/Runtime/Oculus/OculusVR/Content/Meshes/LeftTouchController.uexp" 578
"../../../Engine/Plugins/Runtime/Oculus/OculusVR/Content/Textures/TouchForQuestRiftSController_albedo.uasset" 579
"../../../Engine/Plugins/Runtime/Oculus/OculusVR/Content/Textures/TouchForQuestRiftSController_albedo.uexp" 580
"../../../Engine/Plugins/Runtime/Oculus/OculusVR/Content/Textures/TouchForQuestRiftSController_albedo.ubulk" 581
"../../../Engine/Plugins/Runtime/Oculus/OculusVR/Content/Materials/TouchForQuestRiftSControllerMaterial.uasset" 582
"../../../Engine/Plugins/Runtime/Oculus/OculusVR/Content/Materials/TouchForQuestRiftSControllerMaterial.uexp" 583
"../../../Engine/Plugins/Runtime/Oculus/OculusVR/Content/Meshes/LeftTouchForQuestRiftSController.uasset" 584
"../../../Engine/Plugins/Runtime/Oculus/OculusVR/Content/Meshes/LeftTouchForQuestRiftSController.uexp" 585
"../../../Engine/Plugins/Runtime/Oculus/OculusVR/Content/Meshes/RiftHMD.uasset" 586
"../../../Engine/Plugins/Runtime/Oculus/OculusVR/Content/Meshes/RiftHMD.uexp" 587
"../../../Engine/Plugins/Runtime/Oculus/OculusVR/Content/Meshes/RightTouchController.uasset" 588
"../../../Engine/Plugins/Runtime/Oculus/OculusVR/Content/Meshes/RightTouchController.uexp" 589
"../../../Engine/Plugins/Runtime/Oculus/OculusVR/Content/Meshes/RightTouchForQuestRiftSController.uasset" 590
"../../../Engine/Plugins/Runtime/Oculus/OculusVR/Content/Meshes/RightTouchForQuestRiftSController.uexp" 591
"../../../Engine/Content/MapTemplates/T_ScreenDirt02_w.uasset" 592
"../../../Engine/Content/MapTemplates/T_ScreenDirt02_w.uexp" 593
"../../../Engine/Content/MapTemplates/Bokeh_5Sides.uasset" 594
"../../../Engine/Content/MapTemplates/Bokeh_5Sides.uexp" 595
"../../../Engine/Content/MapTemplates/Bokeh_5Sides.ubulk" 596
"D:/SpellTowerv1/Content/Levels/Level2_BuiltData.uasset" 597
"D:/SpellTowerv1/Content/Levels/Level2_BuiltData.uexp" 598
"D:/SpellTowerv1/Content/Art/Terrain_16x16.uasset" 599
"D:/SpellTowerv1/Content/Art/Terrain_16x16.uexp" 600
"D:/SpellTowerv1/Content/Art/Terrain_16x16_Sprite.uasset" 601
"D:/SpellTowerv1/Content/Art/Terrain_16x16_Sprite.uexp" 602
"D:/SpellTowerv1/Content/2DSideScroller/Textures/2DBackgroundBlockAtlas.uasset" 603
"D:/SpellTowerv1/Content/2DSideScroller/Textures/2DBackgroundBlockAtlas.uexp" 604
"D:/SpellTowerv1/Content/2DSideScroller/Sprites/Ledge.uasset" 605
"D:/SpellTowerv1/Content/2DSideScroller/Sprites/Ledge.uexp" 606
"D:/SpellTowerv1/Content/2DSideScroller/Textures/2DBackground.uasset" 607
"D:/SpellTowerv1/Content/2DSideScroller/Textures/2DBackground.uexp" 608
"../../../Engine/Plugins/2D/Paper2D/Content/OpaqueUnlitSpriteMaterial.uasset" 609
"../../../Engine/Plugins/2D/Paper2D/Content/OpaqueUnlitSpriteMaterial.uexp" 610
"D:/SpellTowerv1/Content/2DSideScroller/Sprites/Background_Sprite.uasset" 611
"D:/SpellTowerv1/Content/2DSideScroller/Sprites/Background_Sprite.uexp" 612
"D:/SpellTowerv1/Content/Levels/Level2.uexp" 613
"D:/SpellTowerv1/Content/Levels/Level2.umap" 614
"D:/SpellTowerv1/Content/Levels/Menu_BuiltData.uasset" 615
"D:/SpellTowerv1/Content/Levels/Menu_BuiltData.uexp" 616
"D:/SpellTowerv1/Content/Art/Menu.uasset" 617
"D:/SpellTowerv1/Content/Art/Menu.uexp" 618
"../../../Engine/Content/EngineFonts/Faces/DroidSansMono.uasset" 619
"../../../Engine/Content/EngineFonts/Faces/DroidSansMono.uexp" 620
"../../../Engine/Content/EngineFonts/Faces/DroidSansMono.ufont" 621
"../../../Engine/Content/EngineFonts/DroidSansMono.uasset" 622
"../../../Engine/Content/EngineFonts/DroidSansMono.uexp" 623
"D:/SpellTowerv1/Content/2DSideScrollerBP/Blueprints/MainMenu.uasset" 624
"D:/SpellTowerv1/Content/2DSideScrollerBP/Blueprints/MainMenu.uexp" 625
"D:/SpellTowerv1/Content/Levels/Menu.uexp" 626
"D:/SpellTowerv1/Content/Levels/Menu.umap" 627
"../../../Engine/Content/Maps/Entry_BuiltData.uasset" 628
"../../../Engine/Content/Maps/Entry_BuiltData.uexp" 629
"../../../Engine/Content/Maps/Entry.uexp" 630
"../../../Engine/Content/Maps/Entry.umap" 631
